Microsoft (R) Macro Assembler Version 14.28.29335.0	    03/15/21 23:11:45
<Project 6: String Primitives and Macros    (Proj6_Allendr.a  Page 1 - 1


				TITLE Project 6: String Primitives and Macros    (Proj6_Allendr.asm)

				; Author: Drew Allen
				; Last Modified: 3/13/21
				; OSU email address: Allendr@oregonstate.edu
				; Course number/section:   CS271 Section 400
				; Project Number:    6             Due Date:  3/14/21
				; Description: This program implements two macros for string processing and tests them
				;				with several procedures
								

				INCLUDE Irvine32.inc
			      C ; Include file for Irvine32.lib             (Irvine32.inc)
			      C 
			      C ;OPTION CASEMAP:NONE		; optional: make identifiers case-sensitive
			      C 
			      C INCLUDE SmallWin.inc		; MS-Windows prototypes, structures, and constants
			      C .NOLIST
			      C .LIST
			      C 
			      C INCLUDE VirtualKeys.inc
			      C ; VirtualKeys.inc
			      C .NOLIST
			      C .LIST
			      C 
			      C 
			      C .NOLIST
			      C .LIST
			      C 
				;-------------------------------------------------------------------------------------
				; Name: mGetString
				;
				; Gets a string input from the user and stores it in memory
				; 
				; Preconditions: 
				;		arrayBuffer has been declared and the SIZEOF is known
				;
				; Receives:
				;		OFFSET prompt
				;		OFFSET inputBuffer
				;		inputLength (value)
				;		OFFSET bytesRead
				;
				; Returns: 
				;		inputBuffer = inputted string
				;		bytesRead = number of bytes read in from user
				;------------------------------------------------------------------------------------

				mGetString MACRO prompt, inputBuffer, inputLength, bytesRead
					PUSH	EDX
					PUSH	ECX
					PUSH	EAX
					
					MOV		EDX, prompt
					CALL	WriteString

					MOV		EDX, inputBuffer
					MOV		ECX, inputLength
					CALL	ReadString
					MOV		bytesRead, EAX
					
					POP		EAX
					POP		ECX
					POP		EDX
				ENDM

				;-------------------------------------------------------------------------------------
				; Name: mDisplayString
				;
				; Retrieves a string from memory and prints it to the console
				; 
				; Preconditions: 
				;		arrayBuffer has been declared and the SIZEOF is known
				;
				; Receives:
				;		OFFSET storedArray
				;
				; Returns: 
				;		None
				;------------------------------------------------------------------------------------
				mDisplayString MACRO storedArray
					PUSH	EDX
					
					MOV		EDX, storedArray
					CALL	WriteString
					
					POP		EDX
				ENDM


 = 0000000A				ARRAYSIZE			 =			10

 00000000			.data

 00000000 50 52 4F 4A 45		openingTitle		BYTE		"PROJECT 6: String Primitives and Macros",0
	   43 54 20 36 3A
	   20 53 74 72 69
	   6E 67 20 50 72
	   69 6D 69 74 69
	   76 65 73 20 61
	   6E 64 20 4D 61
	   63 72 6F 73 00
 00000028 42 79 20 44 72		author				BYTE		"By Drew Allen",0
	   65 77 20 41 6C
	   6C 65 6E 00
 00000036 50 6C 65 61 73		instructionsOne		BYTE		"Please input ten signed decimal integers that can each fit in a 32 bit register.",0
	   65 20 69 6E 70
	   75 74 20 74 65
	   6E 20 73 69 67
	   6E 65 64 20 64
	   65 63 69 6D 61
	   6C 20 69 6E 74
	   65 67 65 72 73
	   20 74 68 61 74
	   20 63 61 6E 20
	   65 61 63 68 20
	   66 69 74 20 69
	   6E 20 61 20 33
	   32 20 62 69 74
	   20 72 65 67 69
	   73 74 65 72 2E
	   00
 00000087 54 68 65 6E 20		instructionsTwo		BYTE		"Then this program will display a list of the numbers, their sum, and their average.",0
	   74 68 69 73 20
	   70 72 6F 67 72
	   61 6D 20 77 69
	   6C 6C 20 64 69
	   73 70 6C 61 79
	   20 61 20 6C 69
	   73 74 20 6F 66
	   20 74 68 65 20
	   6E 75 6D 62 65
	   72 73 2C 20 74
	   68 65 69 72 20
	   73 75 6D 2C 20
	   61 6E 64 20 74
	   68 65 69 72 20
	   61 76 65 72 61
	   67 65 2E 00
 000000DB 45 6E 74 65 72		userPrompt			BYTE		"Enter a signed integer: ",0
	   20 61 20 73 69
	   67 6E 65 64 20
	   69 6E 74 65 67
	   65 72 3A 20 00
 000000F4 45 52 52 4F 52		errorMessage		BYTE		"ERROR: Invalid input. Entry was too large or not a signed number.",0
	   3A 20 49 6E 76
	   61 6C 69 64 20
	   69 6E 70 75 74
	   2E 20 45 6E 74
	   72 79 20 77 61
	   73 20 74 6F 6F
	   20 6C 61 72 67
	   65 20 6F 72 20
	   6E 6F 74 20 61
	   20 73 69 67 6E
	   65 64 20 6E 75
	   6D 62 65 72 2E
	   00
 00000136 50 6C 65 61 73		tryAgainPrompt		BYTE		"Please try again: ",0
	   65 20 74 72 79
	   20 61 67 61 69
	   6E 3A 20 00
 00000149 48 65 72 65 20		listMessage			BYTE		"Here are the numbers you entered: ",0
	   61 72 65 20 74
	   68 65 20 6E 75
	   6D 62 65 72 73
	   20 79 6F 75 20
	   65 6E 74 65 72
	   65 64 3A 20 00
 0000016C 54 68 65 20 73		sumMessage			BYTE		"The sum is: ",0
	   75 6D 20 69 73
	   3A 20 00
 00000179 54 68 65 20 61		averageMessage		BYTE		"The average is: ",0
	   76 65 72 61 67
	   65 20 69 73 3A
	   20 00
 0000018A 54 68 61 6E 6B		goodbyeMessage		BYTE		"Thanks for playing! Goodbye.",0
	   73 20 66 6F 72
	   20 70 6C 61 79
	   69 6E 67 21 20
	   47 6F 6F 64 62
	   79 65 2E 00
 000001A7 2C 20 00			spacing				BYTE		", ",0



 000001AA  00000032 [			userInputBuffer		BYTE		50 DUP(?)
	    00
	   ]
 000001DC  00000032 [			reverseOutputBuffer	BYTE		50 DUP(?)
	    00
	   ]
 0000020E  00000032 [			outputBuffer		BYTE		50 DUP(?)
	    00
	   ]
 00000240 00000000			userDigitsEntered	SDWORD		?
 00000244  0000000A [			userArray			SDWORD		ARRAYSIZE DUP(?)
	    00000000
	   ]
 0000026C 00000000			convertedInput		SDWORD		?
 00000270 00000000			digitsCounted		SDWORD		?
 00000274 00000000			sum					SDWORD		?
 00000278 00000000			average				SDWORD		?



 00000000			.code
 00000000			main PROC

					mDisplayString		OFFSET	openingTitle
 00000000  52		     1		PUSH	EDX
 00000001  BA 00000000 R     1		MOV		EDX, OFFSET	openingTitle
 00000006  E8 00000000 E     1		CALL	WriteString
 0000000B  5A		     1		POP		EDX
 0000000C  E8 00000000 E		CALL	CrLf
					mDisplayString		OFFSET	author
 00000011  52		     1		PUSH	EDX
 00000012  BA 00000028 R     1		MOV		EDX, OFFSET	author
 00000017  E8 00000000 E     1		CALL	WriteString
 0000001C  5A		     1		POP		EDX
 0000001D  E8 00000000 E		CALL	CrLf
					mDisplayString		OFFSET	instructionsOne
 00000022  52		     1		PUSH	EDX
 00000023  BA 00000036 R     1		MOV		EDX, OFFSET	instructionsOne
 00000028  E8 00000000 E     1		CALL	WriteString
 0000002D  5A		     1		POP		EDX
 0000002E  E8 00000000 E		CALL	CrLf
					mDisplayString		OFFSET	instructionsTwo
 00000033  52		     1		PUSH	EDX
 00000034  BA 00000087 R     1		MOV		EDX, OFFSET	instructionsTwo
 00000039  E8 00000000 E     1		CALL	WriteString
 0000003E  5A		     1		POP		EDX
 0000003F  E8 00000000 E		CALL	CrLf
 00000044  E8 00000000 E		CALL	CrLf
					
					; Retrieve ten strings from user and convert to ints
 00000049  B9 0000000A			MOV		ECX, ARRAYSIZE
 0000004E  BF 00000244 R		MOV		EDI, OFFSET userArray		
 00000053				_fillArrayLoop:
 00000053  B8 00000000				MOV		EAX, 0
 00000058  68 00000240 R			PUSH	OFFSET userDigitsEntered
 0000005D  6A 32				PUSH	SIZEOF userInputBuffer
 0000005F  68 0000026C R			PUSH	OFFSET convertedInput
 00000064  68 000000DB R			PUSH	OFFSET userPrompt
 00000069  68 000001AA R			PUSH	OFFSET userInputBuffer
 0000006E  68 000000F4 R			PUSH	OFFSET errorMessage
 00000073  E8 0000007A				CALL	ReadVal
 00000078  A1 0000026C R			MOV		EAX, convertedInput
 0000007D  89 07				MOV		[EDI], EAX
 0000007F  83 C7 04				ADD		EDI, 4
 00000082  E2 CF				LOOP	_fillArrayLoop
					
					; Display list of numbers entered by user	
 00000084  6A 0A			PUSH	LENGTHOF userArray
 00000086  6A 32			PUSH	LENGTHOF outputBuffer
 00000088  6A 32			PUSH	LENGTHOF reverseOutputBuffer
 0000008A  68 000001A7 R		PUSH	OFFSET	spacing
 0000008F  68 00000149 R		PUSH	OFFSET	listMessage
 00000094  68 00000270 R		PUSH	OFFSET	digitsCounted
 00000099  68 0000020E R		PUSH	OFFSET	outputBuffer
 0000009E  68 000001DC R		PUSH	OFFSET	reverseOutputBuffer
 000000A3  68 00000244 R		PUSH	OFFSET	userArray
 000000A8  E8 00000132			CALL	DisplayList

					; Display sum of all user's ten numbers
 000000AD  6A 32			PUSH	LENGTHOF outputBuffer
 000000AF  6A 32			PUSH	LENGTHOF reverseOutputBuffer
 000000B1  68 0000020E R		PUSH	OFFSET outputBuffer
 000000B6  68 000001DC R		PUSH	OFFSET reverseOutputBuffer
 000000BB  6A 0A			PUSH	LENGTHOF userArray
 000000BD  68 0000016C R		PUSH	OFFSET sumMessage
 000000C2  68 00000244 R		PUSH	OFFSET userArray
 000000C7  E8 00000173			CALL	DisplaySum

					; Display average of all user's ten numbers
 000000CC  6A 32			PUSH	LENGTHOF outputBuffer
 000000CE  6A 32			PUSH	LENGTHOF reverseOutputBuffer
 000000D0  68 0000020E R		PUSH	OFFSET outputBuffer
 000000D5  68 000001DC R		PUSH	OFFSET reverseOutputBuffer
 000000DA  6A 0A			PUSH	LENGTHOF userArray
 000000DC  68 00000179 R		PUSH	OFFSET averageMessage
 000000E1  68 00000244 R		PUSH	OFFSET userArray
 000000E6  E8 000001AF			CALL	DisplayAverage

					Invoke ExitProcess,0
 000000EB  6A 00	   *	    push   +000000000h
 000000ED  E8 00000000 E   *	    call   ExitProcess
 000000F2			main ENDP

				;-------------------------------------------------------------------------------------
				; Name: ReadVal
				;
				; Retrieves a string from user by calling mGetString, performs a validation to make 
				;		sure it can be converted, then stores the integer in memory where it can be
				;		accessed and copied into an array
				; 
				; Preconditions: 
				;		memory allocated for storing converted integer
				;		prompt and error message strings declared and stored in memory
				;		memory allocated for storage of user entered string
				;
				; Receives:
				;		[EBP + 28] OFFSET userDigitsEntered
				;		[EBP + 24] SIZEOF userInputBuffer
				;		[EBP + 20] OFFSET convertedInput
				;		[EBP + 16] OFFSET userPrompt
				;		[EBP + 12] OFFSET userInputBuffer
				;		[EBP + 8] OFFSET errorMessage
				;
				; Returns: 
				;		convertedInput now has stored integer converted from user's string input
				;------------------------------------------------------------------------------------
 000000F2			ReadVal PROC
 000000F2  55				PUSH	EBP
 000000F3  8B EC			MOV		EBP, ESP
 000000F5  60				PUSHAD
					
					; skip past error message
 000000F6  EB 10			JMP	_try

 000000F8				_errorTryAgainRestoreEBX:
 000000F8  5A					POP		EDX ; EDX was pushed just before being used in multiplication and must be restored before looping back to the error message
 000000F9				_errorTryAgain:
						mDisplayString [EBP+8]
 000000F9  52		     1		PUSH	EDX
 000000FA  8B 55 08	     1		MOV		EDX, [EBP+8]
 000000FD  E8 00000000 E     1		CALL	WriteString
 00000102  5A		     1		POP		EDX
 00000103  E8 00000000 E			CALL	CrLf
 00000108				_try:
						mGetString [EBP+16], [EBP+12], [EBP+24], [EBP+28]
 00000108  52		     1		PUSH	EDX
 00000109  51		     1		PUSH	ECX
 0000010A  50		     1		PUSH	EAX
 0000010B  8B 55 10	     1		MOV		EDX, [EBP+16]
 0000010E  E8 00000000 E     1		CALL	WriteString
 00000113  8B 55 0C	     1		MOV		EDX, [EBP+12]
 00000116  8B 4D 18	     1		MOV		ECX, [EBP+24]
 00000119  E8 00000000 E     1		CALL	ReadString
 0000011E  89 45 1C	     1		MOV		[EBP+28], EAX
 00000121  58		     1		POP		EAX
 00000122  59		     1		POP		ECX
 00000123  5A		     1		POP		EDX
					
					;--------------------------------------------------
					; in this converstion loop each character in
					; the user's string is loaded and moved into
					; BL register so EAX can be used for conversion
					; math. EBX is compared with various ASCII values
					; to determine its validity. Conversion of characters
					; is done by subtracting 48 and multiplying factors
					; of ten.
					;---------------------------------------------------
 00000124  8B 75 0C			MOV		ESI, [EBP+12]
 00000127  8B 4D 1C			MOV		ECX, [EBP+28]
 0000012A  B8 00000000			MOV		EAX, 0
 0000012F  BA 00000000			MOV		EDX, 0 ; DX == -1: number is negative. == 0: positive. save until end and use to decide of MUL needed on final number
 00000134				_conversionLoop:
 00000134  50					PUSH	EAX
 00000135  AC					LODSB
 00000136  BB 00000000				MOV		EBX, 0
 0000013B  8A D8				MOV		BL, AL
 0000013D  58					POP		EAX
						

 0000013E  83 FB 2B				CMP		EBX, 43 ; checking for a '+' sign
 00000141  74 28				JE		_skipToEnd
 00000143  83 FB 2D				CMP		EBX, 45
 00000146  74 1E				JE		_skipToEndNegative ; checking for a '-' sign

 00000148					_notSignSymbol:
 00000148  83 FB 30					CMP		EBX, 48
 0000014B  7C AC					JL		_errorTryAgain
 0000014D  83 FB 39					CMP		EBX, 57
 00000150  7F A7					JG		_errorTryAgain

 00000152  83 EB 30					SUB		EBX, 48
 00000155  52						PUSH	EDX
 00000156  BA 0000000A					MOV		EDX, 10
 0000015B  F7 E2					MUL		EDX
 0000015D  70 99					JO		_errorTryAgainRestoreEBX
 0000015F  03 C3					ADD		EAX, EBX
 00000161  70 95					JO		_errorTryAgainRestoreEBX
 00000163  5A						POP		EDX
 00000164  EB 05					JMP		_skipToEnd

 00000166					_skipToEndNegative:
 00000166  BA FFFFFFFF					MOV		EDX, -1
						
 0000016B					_skipToEnd:
 0000016B  E2 C7				LOOP _conversionLoop

 0000016D  83 FA FF			CMP		EDX, -1
 00000170  74 02			JE		_makeNegative
 00000172  EB 02			JMP		_notNegative

 00000174				_makeNegative:
 00000174  F7 E2				MUL		EDX ; if the user entered a '-' sign then convert the value to negative with multiplication

 00000176				_notNegative:
 00000176  8B 5D 14				MOV		EBX, [EBP+20]
 00000179  89 03				MOV		[EBX], EAX
					
 0000017B  61				POPAD
 0000017C  5D				POP		EBP
 0000017D  C2 0018			RET		24
 00000180			ReadVal ENDP

				;-------------------------------------------------------------------------------------
				; Name: WriteVal
				;
				; Retrieves an integer from memory and converts it to its string representation based on
				;		ASCII code
				; 
				; Preconditions: 
				;		userArray has been filled with SDWORD values
				;		reverseOutput is is uninitialized or filled with null bytes
				;		outputBuffer is uninitialized or filled with null bytes
				;
				; Receives:
				;		[EBP + 8 ] SDWORD in userArray
				;		[EBP + 16]  OFFSET outputBuffer
				;		[EBP + 12] OFFSET	reverseOutputBuffer
				;
				; Returns: 
				;		outputBuffer now has correctly ordered string representing integer
				;		stored in memory
				;------------------------------------------------------------------------------------
 00000180			WriteVal PROC
 00000180  55				PUSH	EBP
 00000181  8B EC			MOV		EBP, ESP
 00000183  60				PUSHAD

 00000184  B9 00000000			MOV		ECX, 0
 00000189  8B 45 08			MOV		EAX, [EBP + 8] ; integer value to be converted
 0000018C  BB 00000001			MOV		EBX, 1

 00000191  83 F8 00			CMP		EAX, 0
 00000194  7C 02			JL		_negativeNumber
 00000196  EB 06			JMP		_notNegative

 00000198				_negativeNumber:
 00000198  BB FFFFFFFF				MOV		EBX, -1
 0000019D  41					INC		ECX

 0000019E				_notNegative:
 0000019E  8B 7D 0C				MOV		EDI, [EBP + 12]
					
					;--------------------------------------------------
					; in this converstion loop the integer to be converted
					; is processed into its ASCII form by dividing by factors
					; of 10 and adding back 48. Each converted ASCII value is
					; stored in its place in the string
					;------------------------------------------
 000001A1  BA 00000000			MOV		EDX, 0
 000001A6  F7 E3			MUL		EBX
 000001A8  53				PUSH	EBX
 000001A9				_conversionLoop:
 000001A9  BA 00000000				MOV		EDX, 0
 000001AE  BB 0000000A				MOV		EBX, 10
 000001B3  F7 F3				DIV		EBX
 000001B5  50					PUSH	EAX
 000001B6  83 C2 30				ADD		EDX, 48
 000001B9  8B C2				MOV		EAX, EDX
 000001BB  AA					STOSB
 000001BC  41					INC		ECX
 000001BD  58					POP		EAX
 000001BE  83 F8 00				CMP		EAX, 0
 000001C1  75 E6				JNE		_conversionLoop
 000001C3  5B				POP		EBX
 000001C4  83 FB FF			CMP		EBX, -1
 000001C7  74 02			JE		_addNegativeSign
 000001C9  EB 03			JMP		_noNegativeSign

 000001CB				_addNegativeSign:
 000001CB  B0 2D				MOV		AL, 45
 000001CD  AA					STOSB

 000001CE				_noNegativeSign:
 000001CE  51					PUSH	ECX
 000001CF  FF 75 10				PUSH	[EBP + 16] ; REGULAR OUTPUT BUFFER
 000001D2  FF 75 0C				PUSH	[EBP + 12] ; REVERSE OUTPUT BUFFER
 000001D5  E8 00000130				CALL	ReverseString ; String is reveresed for final output as it is stored originally in reverse order

 000001DA  61				POPAD
 000001DB  5D				POP		EBP
 000001DC  C2 000C			RET		12
 000001DF			WriteVal ENDP

				;-------------------------------------------------------------------------------------
				; Name: DisplayList
				;
				; Retrieves an integer from memory and converts it to its string representation based on
				;		ASCII code
				; 
				; Preconditions: 
				;		userArray has been filled with SDWORD values
				;		reverseOutput is is uninitialized or filled with null bytes
				;		outputBuffer is uninitialized or filled with null bytes
				;
				; Receives:
				;		[EBP + 40] LENGTHOF userArray
				;		[EBP + 36] LENGTHOF outputBuffer
				;		[EBP + 32] LENGTHOF reverseOutputBuffer
				;		[EBP + 28] OFFSET	spacing
				;		[EBP + 24] OFFSET	listMessage
				;		[EBP + 20] OFFSET	digitsCounted
				;		[EBP + 16] OFFSET	outputBuffer
				;		[EBP + 12] OFFSET	reverseOutputBuffer
				;		[EBP + 8] OFFSET	userArray
				;
				; Postconditions: 
				;		writeVal PROC has changed reverseOutputBuffer and outputBuffer
				;------------------------------------------------------------------------------------
 000001DF			DisplayList PROC
 000001DF  55				PUSH	EBP
 000001E0  8B EC			MOV		EBP, ESP
 000001E2  60				PUSHAD

 000001E3  8B 4D 28			MOV		ECX, [EBP + 40]
 000001E6  8B 75 08			MOV		ESI, [EBP + 8]

 000001E9  E8 00000000 E		CALL	CrLf
					mDisplayString [EBP + 24] ; display message
 000001EE  52		     1		PUSH	EDX
 000001EF  8B 55 18	     1		MOV		EDX, [EBP + 24]
 000001F2  E8 00000000 E     1		CALL	WriteString
 000001F7  5A		     1		POP		EDX
 000001F8  E8 00000000 E		CALL	CrLf

 000001FD				_displayLoop:
 000001FD  8B 06				MOV		EAX, [ESI]
						
 000001FF  FF 75 0C				PUSH	[EBP + 12]
 00000202  FF 75 20				PUSH	[EBP + 32]
 00000205  E8 0000011B				CALL	ClearString ; clear strings at each iteration to prevent unintended over-writes

 0000020A  FF 75 10				PUSH	[EBP + 16]
 0000020D  FF 75 24				PUSH	[EBP + 36]
 00000210  E8 00000110				CALL	ClearString

						;----------------
						; convert int to 
						; string for output
						;----------------
 00000215  FF 75 10				PUSH	[EBP + 16]
 00000218  FF 75 0C				PUSH	[EBP + 12]
 0000021B  50					PUSH	EAX
 0000021C  E8 FFFFFF5F				CALL	WriteVal
						
						mDisplayString [EBP + 16]
 00000221  52		     1		PUSH	EDX
 00000222  8B 55 10	     1		MOV		EDX, [EBP + 16]
 00000225  E8 00000000 E     1		CALL	WriteString
 0000022A  5A		     1		POP		EDX
						mDisplayString [EBP + 28] ; string for formatting
 0000022B  52		     1		PUSH	EDX
 0000022C  8B 55 1C	     1		MOV		EDX, [EBP + 28]
 0000022F  E8 00000000 E     1		CALL	WriteString
 00000234  5A		     1		POP		EDX
 00000235  83 C6 04				ADD		ESI, 4
 00000238  E2 C3				LOOP	_displayLoop

 0000023A  61				POPAD
 0000023B  5D				POP		EBP
 0000023C  C2 0024			RET		36
 0000023F			DisplayList ENDP

				;-------------------------------------------------------------------------------------
				; Name: DisplaySum
				;
				; Repeatedly ADDs to a running sum for each value in the SDWORD array passed in by reference.
				;		Takes that sum, then passes it into writeVal as a stack parameter to be converted into 
				;		a string for output 
				; 
				; Preconditions: 
				;		userArray has been filled with SDWORD values
				;
				; Receives:
				;		[EBP + 32] LENGTHOF outputBuffer
				;		[EBP + 28] LENGTHOF reverseOutputBuffer
				;		[EBP + 24] OFFSET outputBuffer
				;		[EBP + 20] OFFSET reverseOutputBuffer
				;		[EBP + 16] LENGTHOF userArray
				;		[EBP + 12] OFFSET sumMessage
				;		[EBP + 8] OFFSET userArray
				;
				; Postconditions: 
				;		writeVal PROC has changed reverseOutputBuffer and outputBuffer
				;------------------------------------------------------------------------------------
 0000023F			DisplaySum PROC
 0000023F  55				PUSH	EBP
 00000240  8B EC			MOV		EBP, ESP
 00000242  60				PUSHAD

 00000243  FF 75 14			PUSH	[EBP + 20]
 00000246  FF 75 1C			PUSH	[EBP + 28]
 00000249  E8 000000D7			CALL	ClearString

 0000024E  FF 75 18			PUSH	[EBP + 24]
 00000251  FF 75 20			PUSH	[EBP + 32]
 00000254  E8 000000CC			CALL	ClearString

 00000259  B8 00000000			MOV		EAX, 0 ; EAX will hold the running sum, then will be passed as a parameter on
								   ; on the stack
 0000025E  8B 75 08			MOV		ESI, [EBP + 8]
 00000261  8B 4D 10			MOV		ECX, [EBP + 16]

 00000264				_sumLoop:
 00000264  03 06				ADD		EAX, [ESI]
 00000266  83 C6 04				ADD		ESI, 4
 00000269  E2 F9				LOOP	_sumLoop
					
 0000026B  FF 75 18			PUSH	[EBP + 24]
 0000026E  FF 75 14			PUSH	[EBP + 20]
 00000271  50				PUSH	EAX
 00000272  E8 FFFFFF09			CALL	WriteVal

 00000277  E8 00000000 E		CALL	CrLf
 0000027C  E8 00000000 E		CALL	CrLf
					mDisplayString [EBP + 12]
 00000281  52		     1		PUSH	EDX
 00000282  8B 55 0C	     1		MOV		EDX, [EBP + 12]
 00000285  E8 00000000 E     1		CALL	WriteString
 0000028A  5A		     1		POP		EDX
					mDisplayString [EBP + 24]
 0000028B  52		     1		PUSH	EDX
 0000028C  8B 55 18	     1		MOV		EDX, [EBP + 24]
 0000028F  E8 00000000 E     1		CALL	WriteString
 00000294  5A		     1		POP		EDX

 00000295  61				POPAD
 00000296  5D				POP		EBP
 00000297  C2 001C			RET		28
 0000029A			DisplaySum ENDP

				;-------------------------------------------------------------------------------------
				; Name: DisplayAverage
				;
				; Repeatedly ADDs to a running sum for each value in the SDWORD array passed in by reference.
				;		Takes that sum, then divides it by the number of values in the array. The resulting
				;		average is passed into writeVal as a stack parameter to be converted into a string for output
				; 
				; Preconditions: 
				;		userArray has been filled with SDWORD values
				;
				; Receives:
				;		[EBP + 32] LENGTHOF outputBuffer
				;		[EBP + 28] LENGTHOF reverseOutputBuffer
				;		[EBP + 24] OFFSET outputBuffer
				;		[EBP + 20] OFFSET reverseOutputBuffer
				;		[EBP + 16] LENGTHOF userArray
				;		[EBP + 12] OFFSET averageMessage
				;		[EBP + 8] OFFSET userArray
				;
				; Postconditions: 
				;		writeVal PROC has changed reverseOutputBuffer and outputBuffer
				;------------------------------------------------------------------------------------
 0000029A			DisplayAverage PROC
 0000029A  55				PUSH	EBP
 0000029B  8B EC			MOV		EBP, ESP
 0000029D  60				PUSHAD


 0000029E  FF 75 14			PUSH	[EBP + 20]
 000002A1  FF 75 1C			PUSH	[EBP + 28]
 000002A4  E8 0000007C			CALL	ClearString

 000002A9  FF 75 18			PUSH	[EBP + 24]
 000002AC  FF 75 20			PUSH	[EBP + 32]
 000002AF  E8 00000071			CALL	ClearString

 000002B4  B8 00000000			MOV		EAX, 0
 000002B9  8B 75 08			MOV		ESI, [EBP + 8]
 000002BC  8B 4D 10			MOV		ECX, [EBP + 16]

 000002BF				_sumLoop:
 000002BF  03 06				ADD		EAX, [ESI]
 000002C1  83 C6 04				ADD		ESI, 4
 000002C4  E2 F9				LOOP	_sumLoop
					
 000002C6  BA 00000000			MOV		EDX, 0
 000002CB  8B 5D 10			MOV		EBX, [EBP + 16]
 000002CE  99				CDQ
 000002CF  F7 FB			IDIV	EBX

 000002D1  FF 75 18			PUSH	[EBP + 24]
 000002D4  FF 75 14			PUSH	[EBP + 20]
 000002D7  50				PUSH	EAX
 000002D8  E8 FFFFFEA3			CALL	WriteVal

 000002DD  E8 00000000 E		CALL	CrLf
 000002E2  E8 00000000 E		CALL	CrLf
					mDisplayString [EBP + 12]
 000002E7  52		     1		PUSH	EDX
 000002E8  8B 55 0C	     1		MOV		EDX, [EBP + 12]
 000002EB  E8 00000000 E     1		CALL	WriteString
 000002F0  5A		     1		POP		EDX
					mDisplayString [EBP + 24]
 000002F1  52		     1		PUSH	EDX
 000002F2  8B 55 18	     1		MOV		EDX, [EBP + 24]
 000002F5  E8 00000000 E     1		CALL	WriteString
 000002FA  5A		     1		POP		EDX
 000002FB  E8 00000000 E		CALL	CrLf
 00000300  E8 00000000 E		CALL	CrLf

 00000305  61				POPAD
 00000306  5D				POP		EBP
 00000307  C2 001C			RET		28 ; N equal to the number of bytes of parameters which were pushed on the stack before the CALL statement.
 0000030A			DisplayAverage ENDP

				;-------------------------------------------------------------------------------------
				; Name: ReverseString
				;
				; Loads each byte from the backwards string started at the last index, then stores it
				; in a second string in the correct order
				; 
				; Preconditions: 
				;		reverseOutputBuffer contains a string to be reversed
				;		outputBuffer is uninitialized or filled with null bytes
				;
				; Receives:
				;		[EBP + 16] length of reverseOutputBuffer
				;		[EBP + 12] OFFSET	outputBuffer
				;		[EBP + 8] OFFSET	reverseOutputBuffer
				;
				; Returns: 
				;		outputBuffer contains the reverse order of reverseOutputBuffer
				;------------------------------------------------------------------------------------
 0000030A			ReverseString PROC
 0000030A  55				PUSH	EBP
 0000030B  8B EC			MOV		EBP, ESP
 0000030D  60				PUSHAD

 0000030E  8B 75 08			MOV		ESI, [EBP+8]
 00000311  8B 7D 0C			MOV		EDI, [EBP +12]
 00000314  8B 4D 10			MOV		ECX, [EBP+16]
 00000317  03 F1			ADD		ESI, ECX
 00000319  4E				DEC		ESI

					;------------------------------------------------------
					; Sets direction flag to pull value from backwards array
					; Clears direction flag to store value in correct order
					;------------------------------------------------------
 0000031A				_reverseLoop:
 0000031A  FD					STD
 0000031B  AC					LODSB
 0000031C  FC					CLD
 0000031D  AA					STOSB
 0000031E  E2 FA				LOOP	_reverseLoop
					
 00000320  61				POPAD
 00000321  5D				POP		EBP
 00000322  C2 000C			RET		12 ; N equal to the number of bytes of parameters which were pushed on the stack before the CALL statement.
 00000325			ReverseString ENDP

				;-------------------------------------------------------------------------------------
				; Name: ClearString
				;
				; Clears string by iterating through each element and replacing it with a null byte
				; 
				; Preconditions: 
				;		reverseOutputBuffer contains a string to be reversed
				;		outputBuffer is uninitialized or filled with null bytes
				;
				; Receives:
				;		[EBP + 12] OFFSET of array to clear
				;		[EBP + 8] LENGTHOF array to clear
				;
				; Returns: 
				;		array at OFFSET is now cleared and filled with null bytes
				;------------------------------------------------------------------------------------
 00000325			ClearString PROC
 00000325  55				PUSH	EBP
 00000326  8B EC			MOV		EBP, ESP
 00000328  60				PUSHAD

 00000329  8B 4D 08			MOV		ECX, [EBP + 8]
 0000032C  8B 7D 0C			MOV		EDI, [EBP + 12]
 0000032F  BB 00000000			MOV		EBX, 0

 00000334				_clearLoop:
 00000334  89 1F				MOV		[EDI], EBX
 00000336  47					INC		EDI
 00000337  E2 FB				LOOP	_clearLoop
					
 00000339  61				POPAD
 0000033A  5D				POP		EBP
 0000033B  C2 0008			RET		8
 0000033E			ClearString ENDP


				END main
Microsoft (R) Macro Assembler Version 14.28.29335.0	    03/15/21 23:11:45
<Project 6: String Primitives and Macros    (Proj6_Allendr.a  Symbols 2 - 1




Macros:

                N a m e                 Type

mDisplayString . . . . . . . . .	Proc
mGetString . . . . . . . . . . .	Proc


Structures and Unions:

                N a m e                  Size
                                         Offset      Type

CONSOLE_CURSOR_INFO  . . . . . .	 00000008
  dwSize . . . . . . . . . . . .	 00000000	 DWord
  bVisible . . . . . . . . . . .	 00000004	 DWord
CONSOLE_SCREEN_BUFFER_INFO . . .	 00000016
  dwSize . . . . . . . . . . . .	 00000000	 DWord
  dwCursorPosition . . . . . . .	 00000004	 DWord
  wAttributes  . . . . . . . . .	 00000008	 Word
  srWindow . . . . . . . . . . .	 0000000A	 QWord
  dwMaximumWindowSize  . . . . .	 00000012	 DWord
COORD  . . . . . . . . . . . . .	 00000004
  X  . . . . . . . . . . . . . .	 00000000	 Word
  Y  . . . . . . . . . . . . . .	 00000002	 Word
FILETIME . . . . . . . . . . . .	 00000008
  loDateTime . . . . . . . . . .	 00000000	 DWord
  hiDateTime . . . . . . . . . .	 00000004	 DWord
FOCUS_EVENT_RECORD . . . . . . .	 00000004
  bSetFocus  . . . . . . . . . .	 00000000	 DWord
FPU_ENVIRON  . . . . . . . . . .	 0000001C
  controlWord  . . . . . . . . .	 00000000	 Word
  statusWord . . . . . . . . . .	 00000004	 Word
  tagWord  . . . . . . . . . . .	 00000008	 Word
  instrPointerOffset . . . . . .	 0000000C	 DWord
  instrPointerSelector . . . . .	 00000010	 DWord
  operandPointerOffset . . . . .	 00000014	 DWord
  operandPointerSelector . . . .	 00000018	 Word
INPUT_RECORD . . . . . . . . . .	 00000014
  EventType  . . . . . . . . . .	 00000000	 Word
  Event  . . . . . . . . . . . .	 00000004	 XmmWord
  bKeyDown . . . . . . . . . . .	 00000000	 DWord
  wRepeatCount . . . . . . . . .	 00000004	 Word
  wVirtualKeyCode  . . . . . . .	 00000006	 Word
  wVirtualScanCode . . . . . . .	 00000008	 Word
  uChar  . . . . . . . . . . . .	 0000000A	 Word
  UnicodeChar  . . . . . . . . .	 00000000	 Word
  AsciiChar  . . . . . . . . . .	 00000000	 Byte
  dwControlKeyState  . . . . . .	 0000000C	 DWord
  dwMousePosition  . . . . . . .	 00000000	 DWord
  dwButtonState  . . . . . . . .	 00000004	 DWord
  dwMouseControlKeyState . . . .	 00000008	 DWord
  dwEventFlags . . . . . . . . .	 0000000C	 DWord
  dwSize . . . . . . . . . . . .	 00000000	 DWord
  dwCommandId  . . . . . . . . .	 00000000	 DWord
  bSetFocus  . . . . . . . . . .	 00000000	 DWord
KEY_EVENT_RECORD . . . . . . . .	 00000010
  bKeyDown . . . . . . . . . . .	 00000000	 DWord
  wRepeatCount . . . . . . . . .	 00000004	 Word
  wVirtualKeyCode  . . . . . . .	 00000006	 Word
  wVirtualScanCode . . . . . . .	 00000008	 Word
  uChar  . . . . . . . . . . . .	 0000000A	 Word
  UnicodeChar  . . . . . . . . .	 00000000	 Word
  AsciiChar  . . . . . . . . . .	 00000000	 Byte
  dwControlKeyState  . . . . . .	 0000000C	 DWord
MENU_EVENT_RECORD  . . . . . . .	 00000004
  dwCommandId  . . . . . . . . .	 00000000	 DWord
MOUSE_EVENT_RECORD . . . . . . .	 00000010
  dwMousePosition  . . . . . . .	 00000000	 DWord
  dwButtonState  . . . . . . . .	 00000004	 DWord
  dwMouseControlKeyState . . . .	 00000008	 DWord
  dwEventFlags . . . . . . . . .	 0000000C	 DWord
SMALL_RECT . . . . . . . . . . .	 00000008
  Left . . . . . . . . . . . . .	 00000000	 Word
  Top  . . . . . . . . . . . . .	 00000002	 Word
  Right  . . . . . . . . . . . .	 00000004	 Word
  Bottom . . . . . . . . . . . .	 00000006	 Word
SYSTEMTIME . . . . . . . . . . .	 00000010
  wYear  . . . . . . . . . . . .	 00000000	 Word
  wMonth . . . . . . . . . . . .	 00000002	 Word
  wDayOfWeek . . . . . . . . . .	 00000004	 Word
  wDay . . . . . . . . . . . . .	 00000006	 Word
  wHour  . . . . . . . . . . . .	 00000008	 Word
  wMinute  . . . . . . . . . . .	 0000000A	 Word
  wSecond  . . . . . . . . . . .	 0000000C	 Word
  wMilliseconds  . . . . . . . .	 0000000E	 Word
WINDOW_BUFFER_SIZE_RECORD  . . .	 00000004
  dwSize . . . . . . . . . . . .	 00000000	 DWord


Segments and Groups:

                N a m e                 Size     Length   Align   Combine Class

FLAT . . . . . . . . . . . . . .	GROUP
STACK  . . . . . . . . . . . . .	32 Bit	 00001000 Para	  Stack	  'STACK'	 
_DATA  . . . . . . . . . . . . .	32 Bit	 0000027C Para	  Public  'DATA'	
_TEXT  . . . . . . . . . . . . .	32 Bit	 0000033E Para	  Public  'CODE'	


Procedures, parameters, and locals:

                N a m e                 Type     Value    Attr

ClearString  . . . . . . . . . .	P Near	 00000325 _TEXT	Length= 00000019 Public STDCALL
  _clearLoop . . . . . . . . . .	L Near	 00000334 _TEXT	
CloseFile  . . . . . . . . . . .	P Near	 00000000 FLAT	Length= 00000000 External STDCALL
CloseHandle  . . . . . . . . . .	P Near	 00000000 FLAT	Length= 00000000 External STDCALL
Clrscr . . . . . . . . . . . . .	P Near	 00000000 FLAT	Length= 00000000 External STDCALL
CreateFileA  . . . . . . . . . .	P Near	 00000000 FLAT	Length= 00000000 External STDCALL
CreateOutputFile . . . . . . . .	P Near	 00000000 FLAT	Length= 00000000 External STDCALL
Crlf . . . . . . . . . . . . . .	P Near	 00000000 FLAT	Length= 00000000 External STDCALL
Delay  . . . . . . . . . . . . .	P Near	 00000000 FLAT	Length= 00000000 External STDCALL
DisplayAverage . . . . . . . . .	P Near	 0000029A _TEXT	Length= 00000070 Public STDCALL
  _sumLoop . . . . . . . . . . .	L Near	 000002BF _TEXT	
DisplayList  . . . . . . . . . .	P Near	 000001DF _TEXT	Length= 00000060 Public STDCALL
  _displayLoop . . . . . . . . .	L Near	 000001FD _TEXT	
DisplaySum . . . . . . . . . . .	P Near	 0000023F _TEXT	Length= 0000005B Public STDCALL
  _sumLoop . . . . . . . . . . .	L Near	 00000264 _TEXT	
DumpMem  . . . . . . . . . . . .	P Near	 00000000 FLAT	Length= 00000000 External STDCALL
DumpRegs . . . . . . . . . . . .	P Near	 00000000 FLAT	Length= 00000000 External STDCALL
ExitProcess  . . . . . . . . . .	P Near	 00000000 FLAT	Length= 00000000 External STDCALL
FileTimeToDosDateTime  . . . . .	P Near	 00000000 FLAT	Length= 00000000 External STDCALL
FileTimeToSystemTime . . . . . .	P Near	 00000000 FLAT	Length= 00000000 External STDCALL
FlushConsoleInputBuffer  . . . .	P Near	 00000000 FLAT	Length= 00000000 External STDCALL
FormatMessageA . . . . . . . . .	P Near	 00000000 FLAT	Length= 00000000 External STDCALL
GetCommandLineA  . . . . . . . .	P Near	 00000000 FLAT	Length= 00000000 External STDCALL
GetCommandTail . . . . . . . . .	P Near	 00000000 FLAT	Length= 00000000 External STDCALL
GetConsoleCP . . . . . . . . . .	P Near	 00000000 FLAT	Length= 00000000 External STDCALL
GetConsoleCursorInfo . . . . . .	P Near	 00000000 FLAT	Length= 00000000 External STDCALL
GetConsoleMode . . . . . . . . .	P Near	 00000000 FLAT	Length= 00000000 External STDCALL
GetConsoleScreenBufferInfo . . .	P Near	 00000000 FLAT	Length= 00000000 External STDCALL
GetDateTime  . . . . . . . . . .	P Near	 00000000 FLAT	Length= 00000000 External STDCALL
GetFileTime  . . . . . . . . . .	P Near	 00000000 FLAT	Length= 00000000 External STDCALL
GetKeyState  . . . . . . . . . .	P Near	 00000000 FLAT	Length= 00000000 External STDCALL
GetLastError . . . . . . . . . .	P Near	 00000000 FLAT	Length= 00000000 External STDCALL
GetLocalTime . . . . . . . . . .	P Near	 00000000 FLAT	Length= 00000000 External STDCALL
GetMaxXY . . . . . . . . . . . .	P Near	 00000000 FLAT	Length= 00000000 External STDCALL
GetMseconds  . . . . . . . . . .	P Near	 00000000 FLAT	Length= 00000000 External STDCALL
GetNumberOfConsoleInputEvents  .	P Near	 00000000 FLAT	Length= 00000000 External STDCALL
GetProcessHeap . . . . . . . . .	P Near	 00000000 FLAT	Length= 00000000 External STDCALL
GetStdHandle . . . . . . . . . .	P Near	 00000000 FLAT	Length= 00000000 External STDCALL
GetSystemTime  . . . . . . . . .	P Near	 00000000 FLAT	Length= 00000000 External STDCALL
GetTextColor . . . . . . . . . .	P Near	 00000000 FLAT	Length= 00000000 External STDCALL
GetTickCount . . . . . . . . . .	P Near	 00000000 FLAT	Length= 00000000 External STDCALL
Gotoxy . . . . . . . . . . . . .	P Near	 00000000 FLAT	Length= 00000000 External STDCALL
HeapAlloc  . . . . . . . . . . .	P Near	 00000000 FLAT	Length= 00000000 External STDCALL
HeapCreate . . . . . . . . . . .	P Near	 00000000 FLAT	Length= 00000000 External STDCALL
HeapDestroy  . . . . . . . . . .	P Near	 00000000 FLAT	Length= 00000000 External STDCALL
HeapFree . . . . . . . . . . . .	P Near	 00000000 FLAT	Length= 00000000 External STDCALL
HeapSize . . . . . . . . . . . .	P Near	 00000000 FLAT	Length= 00000000 External STDCALL
IsDigit  . . . . . . . . . . . .	P Near	 00000000 FLAT	Length= 00000000 External STDCALL
LocalFree  . . . . . . . . . . .	P Near	 00000000 FLAT	Length= 00000000 External STDCALL
MessageBoxA  . . . . . . . . . .	P Near	 00000000 FLAT	Length= 00000000 External STDCALL
MsgBoxAsk  . . . . . . . . . . .	P Near	 00000000 FLAT	Length= 00000000 External STDCALL
MsgBox . . . . . . . . . . . . .	P Near	 00000000 FLAT	Length= 00000000 External STDCALL
OpenInputFile  . . . . . . . . .	P Near	 00000000 FLAT	Length= 00000000 External STDCALL
ParseDecimal32 . . . . . . . . .	P Near	 00000000 FLAT	Length= 00000000 External STDCALL
ParseInteger32 . . . . . . . . .	P Near	 00000000 FLAT	Length= 00000000 External STDCALL
PeekConsoleInputA  . . . . . . .	P Near	 00000000 FLAT	Length= 00000000 External STDCALL
Random32 . . . . . . . . . . . .	P Near	 00000000 FLAT	Length= 00000000 External STDCALL
RandomRange  . . . . . . . . . .	P Near	 00000000 FLAT	Length= 00000000 External STDCALL
Randomize  . . . . . . . . . . .	P Near	 00000000 FLAT	Length= 00000000 External STDCALL
ReadChar . . . . . . . . . . . .	P Near	 00000000 FLAT	Length= 00000000 External STDCALL
ReadConsoleA . . . . . . . . . .	P Near	 00000000 FLAT	Length= 00000000 External STDCALL
ReadConsoleInputA  . . . . . . .	P Near	 00000000 FLAT	Length= 00000000 External STDCALL
ReadDec  . . . . . . . . . . . .	P Near	 00000000 FLAT	Length= 00000000 External STDCALL
ReadFile . . . . . . . . . . . .	P Near	 00000000 FLAT	Length= 00000000 External STDCALL
ReadFloat  . . . . . . . . . . .	P Near	 00000000 FLAT	Length= 00000000 External STDCALL
ReadFromFile . . . . . . . . . .	P Near	 00000000 FLAT	Length= 00000000 External STDCALL
ReadHex  . . . . . . . . . . . .	P Near	 00000000 FLAT	Length= 00000000 External STDCALL
ReadInt  . . . . . . . . . . . .	P Near	 00000000 FLAT	Length= 00000000 External STDCALL
ReadKeyFlush . . . . . . . . . .	P Near	 00000000 FLAT	Length= 00000000 External STDCALL
ReadKey  . . . . . . . . . . . .	P Near	 00000000 FLAT	Length= 00000000 External STDCALL
ReadString . . . . . . . . . . .	P Near	 00000000 FLAT	Length= 00000000 External STDCALL
ReadVal  . . . . . . . . . . . .	P Near	 000000F2 _TEXT	Length= 0000008E Public STDCALL
  _errorTryAgainRestoreEBX . . .	L Near	 000000F8 _TEXT	
  _errorTryAgain . . . . . . . .	L Near	 000000F9 _TEXT	
  _try . . . . . . . . . . . . .	L Near	 00000108 _TEXT	
  _conversionLoop  . . . . . . .	L Near	 00000134 _TEXT	
  _notSignSymbol . . . . . . . .	L Near	 00000148 _TEXT	
  _skipToEndNegative . . . . . .	L Near	 00000166 _TEXT	
  _skipToEnd . . . . . . . . . .	L Near	 0000016B _TEXT	
  _makeNegative  . . . . . . . .	L Near	 00000174 _TEXT	
  _notNegative . . . . . . . . .	L Near	 00000176 _TEXT	
ReverseString  . . . . . . . . .	P Near	 0000030A _TEXT	Length= 0000001B Public STDCALL
  _reverseLoop . . . . . . . . .	L Near	 0000031A _TEXT	
SetConsoleCursorInfo . . . . . .	P Near	 00000000 FLAT	Length= 00000000 External STDCALL
SetConsoleCursorPosition . . . .	P Near	 00000000 FLAT	Length= 00000000 External STDCALL
SetConsoleMode . . . . . . . . .	P Near	 00000000 FLAT	Length= 00000000 External STDCALL
SetConsoleScreenBufferSize . . .	P Near	 00000000 FLAT	Length= 00000000 External STDCALL
SetConsoleTextAttribute  . . . .	P Near	 00000000 FLAT	Length= 00000000 External STDCALL
SetConsoleTitleA . . . . . . . .	P Near	 00000000 FLAT	Length= 00000000 External STDCALL
SetConsoleWindowInfo . . . . . .	P Near	 00000000 FLAT	Length= 00000000 External STDCALL
SetFilePointer . . . . . . . . .	P Near	 00000000 FLAT	Length= 00000000 External STDCALL
SetLocalTime . . . . . . . . . .	P Near	 00000000 FLAT	Length= 00000000 External STDCALL
SetTextColor . . . . . . . . . .	P Near	 00000000 FLAT	Length= 00000000 External STDCALL
ShowFPUStack . . . . . . . . . .	P Near	 00000000 FLAT	Length= 00000000 External STDCALL
Sleep  . . . . . . . . . . . . .	P Near	 00000000 FLAT	Length= 00000000 External STDCALL
StrLength  . . . . . . . . . . .	P Near	 00000000 FLAT	Length= 00000000 External STDCALL
Str_compare  . . . . . . . . . .	P Near	 00000000 FLAT	Length= 00000000 External STDCALL
Str_copy . . . . . . . . . . . .	P Near	 00000000 FLAT	Length= 00000000 External STDCALL
Str_length . . . . . . . . . . .	P Near	 00000000 FLAT	Length= 00000000 External STDCALL
Str_trim . . . . . . . . . . . .	P Near	 00000000 FLAT	Length= 00000000 External STDCALL
Str_ucase  . . . . . . . . . . .	P Near	 00000000 FLAT	Length= 00000000 External STDCALL
SystemTimeToFileTime . . . . . .	P Near	 00000000 FLAT	Length= 00000000 External STDCALL
WaitMsg  . . . . . . . . . . . .	P Near	 00000000 FLAT	Length= 00000000 External STDCALL
WriteBinB  . . . . . . . . . . .	P Near	 00000000 FLAT	Length= 00000000 External STDCALL
WriteBin . . . . . . . . . . . .	P Near	 00000000 FLAT	Length= 00000000 External STDCALL
WriteChar  . . . . . . . . . . .	P Near	 00000000 FLAT	Length= 00000000 External STDCALL
WriteConsoleA  . . . . . . . . .	P Near	 00000000 FLAT	Length= 00000000 External STDCALL
WriteConsoleOutputAttribute  . .	P Near	 00000000 FLAT	Length= 00000000 External STDCALL
WriteConsoleOutputCharacterA . .	P Near	 00000000 FLAT	Length= 00000000 External STDCALL
WriteDec . . . . . . . . . . . .	P Near	 00000000 FLAT	Length= 00000000 External STDCALL
WriteFile  . . . . . . . . . . .	P Near	 00000000 FLAT	Length= 00000000 External STDCALL
WriteFloat . . . . . . . . . . .	P Near	 00000000 FLAT	Length= 00000000 External STDCALL
WriteHexB  . . . . . . . . . . .	P Near	 00000000 FLAT	Length= 00000000 External STDCALL
WriteHex . . . . . . . . . . . .	P Near	 00000000 FLAT	Length= 00000000 External STDCALL
WriteInt . . . . . . . . . . . .	P Near	 00000000 FLAT	Length= 00000000 External STDCALL
WriteStackFrameName  . . . . . .	P Near	 00000000 FLAT	Length= 00000000 External STDCALL
WriteStackFrame  . . . . . . . .	P Near	 00000000 FLAT	Length= 00000000 External STDCALL
WriteString  . . . . . . . . . .	P Near	 00000000 FLAT	Length= 00000000 External STDCALL
WriteToFile  . . . . . . . . . .	P Near	 00000000 FLAT	Length= 00000000 External STDCALL
WriteVal . . . . . . . . . . . .	P Near	 00000180 _TEXT	Length= 0000005F Public STDCALL
  _negativeNumber  . . . . . . .	L Near	 00000198 _TEXT	
  _notNegative . . . . . . . . .	L Near	 0000019E _TEXT	
  _conversionLoop  . . . . . . .	L Near	 000001A9 _TEXT	
  _addNegativeSign . . . . . . .	L Near	 000001CB _TEXT	
  _noNegativeSign  . . . . . . .	L Near	 000001CE _TEXT	
WriteWindowsMsg  . . . . . . . .	P Near	 00000000 FLAT	Length= 00000000 External STDCALL
main . . . . . . . . . . . . . .	P Near	 00000000 _TEXT	Length= 000000F2 Public STDCALL
  _fillArrayLoop . . . . . . . .	L Near	 00000053 _TEXT	
printf . . . . . . . . . . . . .	P Near	 00000000 FLAT	Length= 00000000 External C
scanf  . . . . . . . . . . . . .	P Near	 00000000 FLAT	Length= 00000000 External C
wsprintfA  . . . . . . . . . . .	P Near	 00000000 FLAT	Length= 00000000 External C


Symbols:

                N a m e                 Type     Value    Attr

@CodeSize  . . . . . . . . . . .	Number	 00000000h   
@DataSize  . . . . . . . . . . .	Number	 00000000h   
@Interface . . . . . . . . . . .	Number	 00000003h   
@Model . . . . . . . . . . . . .	Number	 00000007h   
@code  . . . . . . . . . . . . .	Text   	 _TEXT
@data  . . . . . . . . . . . . .	Text   	 FLAT
@fardata?  . . . . . . . . . . .	Text   	 FLAT
@fardata . . . . . . . . . . . .	Text   	 FLAT
@stack . . . . . . . . . . . . .	Text   	 FLAT
ALT_MASK . . . . . . . . . . . .	Number	 00000003h   
ARRAYSIZE  . . . . . . . . . . .	Number	 0000000Ah   
CAPSLOCK_ON  . . . . . . . . . .	Number	 00000080h   
CREATE_ALWAYS  . . . . . . . . .	Number	 00000002h   
CREATE_NEW . . . . . . . . . . .	Number	 00000001h   
CTRL_MASK  . . . . . . . . . . .	Number	 0000000Ch   
CreateFile . . . . . . . . . . .	Text   	 CreateFileA
DO_NOT_SHARE . . . . . . . . . .	Number	 00000000h   
ENABLE_ECHO_INPUT  . . . . . . .	Number	 00000004h   
ENABLE_LINE_INPUT  . . . . . . .	Number	 00000002h   
ENABLE_MOUSE_INPUT . . . . . . .	Number	 00000010h   
ENABLE_PROCESSED_INPUT . . . . .	Number	 00000001h   
ENABLE_PROCESSED_OUTPUT  . . . .	Number	 00000001h   
ENABLE_WINDOW_INPUT  . . . . . .	Number	 00000008h   
ENABLE_WRAP_AT_EOL_OUTPUT  . . .	Number	 00000002h   
ENHANCED_KEY . . . . . . . . . .	Number	 00000100h   
FALSE  . . . . . . . . . . . . .	Number	 00000000h   
FILE_APPEND_DATA . . . . . . . .	Number	 00000004h   
FILE_ATTRIBUTE_ARCHIVE . . . . .	Number	 00000020h   
FILE_ATTRIBUTE_COMPRESSED  . . .	Number	 00000800h   
FILE_ATTRIBUTE_DEVICE  . . . . .	Number	 00000040h   
FILE_ATTRIBUTE_DIRECTORY . . . .	Number	 00000010h   
FILE_ATTRIBUTE_ENCRYPTED . . . .	Number	 00004000h   
FILE_ATTRIBUTE_HIDDEN  . . . . .	Number	 00000002h   
FILE_ATTRIBUTE_NORMAL  . . . . .	Number	 00000080h   
FILE_ATTRIBUTE_NOT_CONTENT_INDEXED .	Number	 00002000h   
FILE_ATTRIBUTE_OFFLINE . . . . .	Number	 00001000h   
FILE_ATTRIBUTE_READONLY  . . . .	Number	 00000001h   
FILE_ATTRIBUTE_REPARSE_POINT . .	Number	 00000400h   
FILE_ATTRIBUTE_SPARSE_FILE . . .	Number	 00000200h   
FILE_ATTRIBUTE_SYSTEM  . . . . .	Number	 00000004h   
FILE_ATTRIBUTE_TEMPORARY . . . .	Number	 00000100h   
FILE_BEGIN . . . . . . . . . . .	Number	 00000000h   
FILE_CURRENT . . . . . . . . . .	Number	 00000001h   
FILE_DELETE_CHILD  . . . . . . .	Number	 00000040h   
FILE_END . . . . . . . . . . . .	Number	 00000002h   
FILE_READ_DATA . . . . . . . . .	Number	 00000001h   
FILE_SHARE_DELETE  . . . . . . .	Number	 00000004h   
FILE_SHARE_READ  . . . . . . . .	Number	 00000001h   
FILE_SHARE_WRITE . . . . . . . .	Number	 00000002h   
FILE_WRITE_DATA  . . . . . . . .	Number	 00000002h   
FOCUS_EVENT  . . . . . . . . . .	Number	 00000010h   
FORMAT_MESSAGE_ALLOCATE_BUFFER .	Number	 00000100h   
FORMAT_MESSAGE_FROM_SYSTEM . . .	Number	 00001000h   
FormatMessage  . . . . . . . . .	Text   	 FormatMessageA
GENERIC_ALL  . . . . . . . . . .	Number	 10000000h   
GENERIC_EXECUTE  . . . . . . . .	Number	 20000000h   
GENERIC_READ . . . . . . . . . .	Number	 -80000000h   
GENERIC_WRITE  . . . . . . . . .	Number	 40000000h   
GetCommandLine . . . . . . . . .	Text   	 GetCommandLineA
HANDLE . . . . . . . . . . . . .	Text   	 DWORD
HEAP_GENERATE_EXCEPTIONS . . . .	Number	 00000004h   
HEAP_GROWABLE  . . . . . . . . .	Number	 00000002h   
HEAP_NO_SERIALIZE  . . . . . . .	Number	 00000001h   
HEAP_REALLOC_IN_PLACE_ONLY . . .	Number	 00000010h   
HEAP_ZERO_MEMORY . . . . . . . .	Number	 00000008h   
IDABORT  . . . . . . . . . . . .	Number	 00000003h   
IDCANCEL . . . . . . . . . . . .	Number	 00000002h   
IDCLOSE  . . . . . . . . . . . .	Number	 00000008h   
IDCONTINUE . . . . . . . . . . .	Number	 0000000Bh   
IDHELP . . . . . . . . . . . . .	Number	 00000009h   
IDIGNORE . . . . . . . . . . . .	Number	 00000005h   
IDNO . . . . . . . . . . . . . .	Number	 00000007h   
IDOK . . . . . . . . . . . . . .	Number	 00000001h   
IDRETRY  . . . . . . . . . . . .	Number	 00000004h   
IDTIMEOUT  . . . . . . . . . . .	Number	 00007D00h   
IDTRYAGAIN . . . . . . . . . . .	Number	 0000000Ah   
IDYES  . . . . . . . . . . . . .	Number	 00000006h   
INVALID_HANDLE_VALUE . . . . . .	Number	 -00000001h   
KBDOWN_FLAG  . . . . . . . . . .	Number	 00000001h   
KEY_EVENT  . . . . . . . . . . .	Number	 00000001h   
KEY_MASKS  . . . . . . . . . . .	Number	 0000001Fh   
LEFT_ALT_PRESSED . . . . . . . .	Number	 00000002h   
LEFT_CTRL_PRESSED  . . . . . . .	Number	 00000008h   
MB_ABORTRETRYIGNORE  . . . . . .	Number	 00000002h   
MB_APPLMODAL . . . . . . . . . .	Number	 00000000h   
MB_CANCELTRYCONTINUE . . . . . .	Number	 00000006h   
MB_DEFBUTTON1  . . . . . . . . .	Number	 00000000h   
MB_DEFBUTTON2  . . . . . . . . .	Number	 00000100h   
MB_DEFBUTTON3  . . . . . . . . .	Number	 00000200h   
MB_DEFBUTTON4  . . . . . . . . .	Number	 00000300h   
MB_HELP  . . . . . . . . . . . .	Number	 00004000h   
MB_ICONASTERISK  . . . . . . . .	Number	 00000040h   
MB_ICONERROR . . . . . . . . . .	Number	 00000010h   
MB_ICONEXCLAMATION . . . . . . .	Number	 00000030h   
MB_ICONHAND  . . . . . . . . . .	Number	 00000010h   
MB_ICONINFORMATION . . . . . . .	Number	 00000040h   
MB_ICONQUESTION  . . . . . . . .	Number	 00000020h   
MB_ICONSTOP  . . . . . . . . . .	Number	 00000010h   
MB_ICONWARNING . . . . . . . . .	Number	 00000030h   
MB_OKCANCEL  . . . . . . . . . .	Number	 00000001h   
MB_OK  . . . . . . . . . . . . .	Number	 00000000h   
MB_RETRYCANCEL . . . . . . . . .	Number	 00000005h   
MB_SYSTEMMODAL . . . . . . . . .	Number	 00001000h   
MB_TASKMODAL . . . . . . . . . .	Number	 00002000h   
MB_USERICON  . . . . . . . . . .	Number	 00000080h   
MB_YESNOCANCEL . . . . . . . . .	Number	 00000003h   
MB_YESNO . . . . . . . . . . . .	Number	 00000004h   
MENU_EVENT . . . . . . . . . . .	Number	 00000008h   
MOUSE_EVENT  . . . . . . . . . .	Number	 00000002h   
MessageBox . . . . . . . . . . .	Text   	 MessageBoxA
NULL . . . . . . . . . . . . . .	Number	 00000000h   
NUMLOCK_ON . . . . . . . . . . .	Number	 00000020h   
OPEN_ALWAYS  . . . . . . . . . .	Number	 00000004h   
OPEN_EXISTING  . . . . . . . . .	Number	 00000003h   
PeekConsoleInput . . . . . . . .	Text   	 PeekConsoleInputA
RIGHT_ALT_PRESSED  . . . . . . .	Number	 00000001h   
RIGHT_CTRL_PRESSED . . . . . . .	Number	 00000004h   
ReadConsoleInput . . . . . . . .	Text   	 ReadConsoleInputA
ReadConsole  . . . . . . . . . .	Text   	 ReadConsoleA
SCROLLLOCK_ON  . . . . . . . . .	Number	 00000040h   
SHIFT_MASK . . . . . . . . . . .	Number	 00000010h   
SHIFT_PRESSED  . . . . . . . . .	Number	 00000010h   
STD_ERROR_HANDLE . . . . . . . .	Number	 -0000000Ch   
STD_INPUT_HANDLE . . . . . . . .	Number	 -0000000Ah   
STD_OUTPUT_HANDLE  . . . . . . .	Number	 -0000000Bh   
SetConsoleTitle  . . . . . . . .	Text   	 SetConsoleTitleA
TAB  . . . . . . . . . . . . . .	Number	 00000009h   
TRUE . . . . . . . . . . . . . .	Number	 00000001h   
TRUNCATE_EXISTING  . . . . . . .	Number	 00000005h   
VK_11  . . . . . . . . . . . . .	Number	 000000BDh   
VK_12  . . . . . . . . . . . . .	Number	 000000BBh   
VK_ADD . . . . . . . . . . . . .	Number	 0000006Bh   
VK_BACK  . . . . . . . . . . . .	Number	 00000008h   
VK_CANCEL  . . . . . . . . . . .	Number	 00000003h   
VK_CAPITAL . . . . . . . . . . .	Number	 00000014h   
VK_CLEAR . . . . . . . . . . . .	Number	 0000000Ch   
VK_CONTROL . . . . . . . . . . .	Number	 00000011h   
VK_DECIMAL . . . . . . . . . . .	Number	 0000006Eh   
VK_DELETE  . . . . . . . . . . .	Number	 0000002Eh   
VK_DIVIDE  . . . . . . . . . . .	Number	 0000006Fh   
VK_DOWN  . . . . . . . . . . . .	Number	 00000028h   
VK_END . . . . . . . . . . . . .	Number	 00000023h   
VK_ESCAPE  . . . . . . . . . . .	Number	 0000001Bh   
VK_EXECUTE . . . . . . . . . . .	Number	 0000002Bh   
VK_F10 . . . . . . . . . . . . .	Number	 00000079h   
VK_F11 . . . . . . . . . . . . .	Number	 0000007Ah   
VK_F12 . . . . . . . . . . . . .	Number	 0000007Bh   
VK_F13 . . . . . . . . . . . . .	Number	 0000007Ch   
VK_F14 . . . . . . . . . . . . .	Number	 0000007Dh   
VK_F15 . . . . . . . . . . . . .	Number	 0000007Eh   
VK_F16 . . . . . . . . . . . . .	Number	 0000007Fh   
VK_F17 . . . . . . . . . . . . .	Number	 00000080h   
VK_F18 . . . . . . . . . . . . .	Number	 00000081h   
VK_F19 . . . . . . . . . . . . .	Number	 00000082h   
VK_F1  . . . . . . . . . . . . .	Number	 00000070h   
VK_F20 . . . . . . . . . . . . .	Number	 00000083h   
VK_F21 . . . . . . . . . . . . .	Number	 00000084h   
VK_F22 . . . . . . . . . . . . .	Number	 00000085h   
VK_F23 . . . . . . . . . . . . .	Number	 00000086h   
VK_F24 . . . . . . . . . . . . .	Number	 00000087h   
VK_F2  . . . . . . . . . . . . .	Number	 00000071h   
VK_F3  . . . . . . . . . . . . .	Number	 00000072h   
VK_F4  . . . . . . . . . . . . .	Number	 00000073h   
VK_F5  . . . . . . . . . . . . .	Number	 00000074h   
VK_F6  . . . . . . . . . . . . .	Number	 00000075h   
VK_F7  . . . . . . . . . . . . .	Number	 00000076h   
VK_F8  . . . . . . . . . . . . .	Number	 00000077h   
VK_F9  . . . . . . . . . . . . .	Number	 00000078h   
VK_HELP  . . . . . . . . . . . .	Number	 0000002Fh   
VK_HOME  . . . . . . . . . . . .	Number	 00000024h   
VK_INSERT  . . . . . . . . . . .	Number	 0000002Dh   
VK_LBUTTON . . . . . . . . . . .	Number	 00000001h   
VK_LCONTROL  . . . . . . . . . .	Number	 000000A2h   
VK_LEFT  . . . . . . . . . . . .	Number	 00000025h   
VK_LMENU . . . . . . . . . . . .	Number	 000000A4h   
VK_LSHIFT  . . . . . . . . . . .	Number	 000000A0h   
VK_MENU  . . . . . . . . . . . .	Number	 00000012h   
VK_MULTIPLY  . . . . . . . . . .	Number	 0000006Ah   
VK_NEXT  . . . . . . . . . . . .	Number	 00000022h   
VK_NUMLOCK . . . . . . . . . . .	Number	 00000090h   
VK_NUMPAD0 . . . . . . . . . . .	Number	 00000060h   
VK_NUMPAD1 . . . . . . . . . . .	Number	 00000061h   
VK_NUMPAD2 . . . . . . . . . . .	Number	 00000062h   
VK_NUMPAD3 . . . . . . . . . . .	Number	 00000063h   
VK_NUMPAD4 . . . . . . . . . . .	Number	 00000064h   
VK_NUMPAD5 . . . . . . . . . . .	Number	 00000065h   
VK_NUMPAD6 . . . . . . . . . . .	Number	 00000066h   
VK_NUMPAD7 . . . . . . . . . . .	Number	 00000067h   
VK_NUMPAD8 . . . . . . . . . . .	Number	 00000068h   
VK_NUMPAD9 . . . . . . . . . . .	Number	 00000069h   
VK_PAUSE . . . . . . . . . . . .	Number	 00000013h   
VK_PRINT . . . . . . . . . . . .	Number	 0000002Ah   
VK_PRIOR . . . . . . . . . . . .	Number	 00000021h   
VK_RBUTTON . . . . . . . . . . .	Number	 00000002h   
VK_RCONTROL  . . . . . . . . . .	Number	 000000A3h   
VK_RETURN  . . . . . . . . . . .	Number	 0000000Dh   
VK_RIGHT . . . . . . . . . . . .	Number	 00000027h   
VK_RMENU . . . . . . . . . . . .	Number	 000000A5h   
VK_RSHIFT  . . . . . . . . . . .	Number	 000000A1h   
VK_SCROLL  . . . . . . . . . . .	Number	 00000091h   
VK_SEPARATER . . . . . . . . . .	Number	 0000006Ch   
VK_SHIFT . . . . . . . . . . . .	Number	 00000010h   
VK_SNAPSHOT  . . . . . . . . . .	Number	 0000002Ch   
VK_SPACE . . . . . . . . . . . .	Number	 00000020h   
VK_SUBTRACT  . . . . . . . . . .	Number	 0000006Dh   
VK_TAB . . . . . . . . . . . . .	Number	 00000009h   
VK_UP  . . . . . . . . . . . . .	Number	 00000026h   
WINDOW_BUFFER_SIZE_EVENT . . . .	Number	 00000004h   
WriteConsoleOutputCharacter  . .	Text   	 WriteConsoleOutputCharacterA
WriteConsole . . . . . . . . . .	Text   	 WriteConsoleA
author . . . . . . . . . . . . .	Byte	 00000028 _DATA	
averageMessage . . . . . . . . .	Byte	 00000179 _DATA	
average  . . . . . . . . . . . .	DWord	 00000278 _DATA	
black  . . . . . . . . . . . . .	Number	 00000000h   
blue . . . . . . . . . . . . . .	Number	 00000001h   
brown  . . . . . . . . . . . . .	Number	 00000006h   
convertedInput . . . . . . . . .	DWord	 0000026C _DATA	
cyan . . . . . . . . . . . . . .	Number	 00000003h   
digitsCounted  . . . . . . . . .	DWord	 00000270 _DATA	
errorMessage . . . . . . . . . .	Byte	 000000F4 _DATA	
exit . . . . . . . . . . . . . .	Text   	 INVOKE ExitProcess,0
goodbyeMessage . . . . . . . . .	Byte	 0000018A _DATA	
gray . . . . . . . . . . . . . .	Number	 00000008h   
green  . . . . . . . . . . . . .	Number	 00000002h   
instructionsOne  . . . . . . . .	Byte	 00000036 _DATA	
instructionsTwo  . . . . . . . .	Byte	 00000087 _DATA	
lightBlue  . . . . . . . . . . .	Number	 00000009h   
lightCyan  . . . . . . . . . . .	Number	 0000000Bh   
lightGray  . . . . . . . . . . .	Number	 00000007h   
lightGreen . . . . . . . . . . .	Number	 0000000Ah   
lightMagenta . . . . . . . . . .	Number	 0000000Dh   
lightRed . . . . . . . . . . . .	Number	 0000000Ch   
listMessage  . . . . . . . . . .	Byte	 00000149 _DATA	
magenta  . . . . . . . . . . . .	Number	 00000005h   
openingTitle . . . . . . . . . .	Byte	 00000000 _DATA	
outputBuffer . . . . . . . . . .	Byte	 0000020E _DATA	
red  . . . . . . . . . . . . . .	Number	 00000004h   
reverseOutputBuffer  . . . . . .	Byte	 000001DC _DATA	
spacing  . . . . . . . . . . . .	Byte	 000001A7 _DATA	
sumMessage . . . . . . . . . . .	Byte	 0000016C _DATA	
sum  . . . . . . . . . . . . . .	DWord	 00000274 _DATA	
tryAgainPrompt . . . . . . . . .	Byte	 00000136 _DATA	
userArray  . . . . . . . . . . .	DWord	 00000244 _DATA	
userDigitsEntered  . . . . . . .	DWord	 00000240 _DATA	
userInputBuffer  . . . . . . . .	Byte	 000001AA _DATA	
userPrompt . . . . . . . . . . .	Byte	 000000DB _DATA	
white  . . . . . . . . . . . . .	Number	 0000000Fh   
wsprintf . . . . . . . . . . . .	Text   	 wsprintfA
yellow . . . . . . . . . . . . .	Number	 0000000Eh   

	   0 Warnings
	   0 Errors
